2026-05-27T20:56:06Z INF Thank you for trying Cloudflare Tunnel. Doing so, without a Cloudflare account, is a quick way to experiment and try it out. However, be aware that these account-less Tunnels have no uptime guarantee, are subject to the Cloudflare Online Services Terms of Use (https://www.cloudflare.com/website-terms/), and Cloudflare reserves the right to investigate your use of Tunnels for violations of such terms. If you intend to use Tunnels in production you should use a pre-created named tunnel by following: https://developers.cloudflare.com/cloudflare-one/connections/connect-apps
2026-05-27T20:56:06Z INF Requesting new quick Tunnel on trycloudflare.com...
2026-05-27T20:56:10Z INF +--------------------------------------------------------------------------------------------+
2026-05-27T20:56:10Z INF |  Your quick Tunnel has been created! Visit it at (it may take some time to be reachable):  |
2026-05-27T20:56:10Z INF |  https://ecological-dir-concerning-commodities.trycloudflare.com                           |
2026-05-27T20:56:10Z INF +--------------------------------------------------------------------------------------------+
2026-05-27T20:56:10Z INF Cannot determine default configuration path. No file [config.yml config.yaml] in [~/.cloudflared ~/.cloudflare-warp ~/cloudflare-warp /etc/cloudflared /usr/local/etc/cloudflared]
2026-05-27T20:56:10Z INF Version 2026.5.2 (Checksum 5286698547f03df745adb2355f04c12dde52ef425491e81f433642d695521886)
2026-05-27T20:56:10Z INF GOOS: linux, GOVersion: go1.26.3, GoArch: amd64
2026-05-27T20:56:10Z INF Settings: map[ha-connections:1 protocol:quic url:http://127.0.0.1:8001]
2026-05-27T20:56:10Z INF cloudflared will not automatically update if installed by a package manager.
2026-05-27T20:56:10Z INF Generated Connector ID: ca1b1ebd-2c2e-46e6-855c-eaa5f24d6411
2026-05-27T20:56:10Z INF Initial protocol quic
2026-05-27T20:56:10Z INF ICMP proxy will use 45.32.201.59 as source for IPv4
2026-05-27T20:56:10Z INF ICMP proxy will use 2001:19f0:6401:196f:5400:6ff:fe11:8ebf in zone enp1s0 as source for IPv6
2026-05-27T20:56:10Z WRN The user running cloudflared process has a GID (group ID) that is not within ping_group_range. You might need to add that user to a group within that range, or instead update the range to encompass a group the user is already in by modifying /proc/sys/net/ipv4/ping_group_range. Otherwise cloudflared will not be able to ping this network error="Group ID 0 is not between ping group 1 to 0"
2026-05-27T20:56:10Z WRN ICMP proxy feature is disabled error="cannot create ICMPv4 proxy: Group ID 0 is not between ping group 1 to 0 nor ICMPv6 proxy: socket: permission denied"
2026-05-27T20:56:10Z INF ICMP proxy will use 45.32.201.59 as source for IPv4
2026-05-27T20:56:10Z INF ICMP proxy will use 2001:19f0:6401:196f:5400:6ff:fe11:8ebf in zone enp1s0 as source for IPv6
2026-05-27T20:56:10Z INF Starting metrics server on 127.0.0.1:20241/metrics
2026-05-27T20:56:10Z INF Tunnel connection curve preferences: [X25519MLKEM768 CurveID(65074) CurveP256] connIndex=0 event=0 ip=2606:4700:a8::10
2026-05-27T20:56:10Z INF +-------------------------------------------------------------------------------------+
2026-05-27T20:56:10Z INF |                               CONNECTIVITY PRE-CHECKS                               |
2026-05-27T20:56:10Z INF +-------------------------------------------------------------------------------------+
2026-05-27T20:56:10Z INF |  COMPONENT         TARGET                     STATUS  DETAILS                       |
2026-05-27T20:56:10Z INF |  DNS Resolution    region1.v2.argotunnel.com  PASS    DNS Resolved successfully     |
2026-05-27T20:56:10Z INF |  DNS Resolution    region2.v2.argotunnel.com  PASS    DNS Resolved successfully     |
2026-05-27T20:56:10Z INF |  UDP Connectivity  region1.v2.argotunnel.com  PASS    QUIC connection successful    |
2026-05-27T20:56:10Z INF |  UDP Connectivity  region2.v2.argotunnel.com  PASS    QUIC connection successful    |
2026-05-27T20:56:10Z INF |  TCP Connectivity  region1.v2.argotunnel.com  PASS    HTTP/2 connection successful  |
2026-05-27T20:56:10Z INF |  TCP Connectivity  region2.v2.argotunnel.com  PASS    HTTP/2 connection successful  |
2026-05-27T20:56:10Z INF |  Cloudflare API    api.cloudflare.com:443     PASS    API is reachable              |
2026-05-27T20:56:10Z INF |                                                                                     |
2026-05-27T20:56:10Z INF |  SUMMARY: Environment is healthy. cloudflared will use 'quic' as primary protocol.  |
2026-05-27T20:56:10Z INF +-------------------------------------------------------------------------------------+
2026-05-27T20:56:10Z INF precheck component="DNS Resolution" details="DNS Resolved successfully" run_id=95224ea0-5ebb-477a-bcdd-c8bb975aef86 status=pass target=region1.v2.argotunnel.com
2026-05-27T20:56:10Z INF precheck component="DNS Resolution" details="DNS Resolved successfully" run_id=95224ea0-5ebb-477a-bcdd-c8bb975aef86 status=pass target=region2.v2.argotunnel.com
2026-05-27T20:56:10Z INF precheck component="UDP Connectivity" details="QUIC connection successful" run_id=95224ea0-5ebb-477a-bcdd-c8bb975aef86 status=pass target=region1.v2.argotunnel.com
2026-05-27T20:56:10Z INF precheck component="UDP Connectivity" details="QUIC connection successful" run_id=95224ea0-5ebb-477a-bcdd-c8bb975aef86 status=pass target=region2.v2.argotunnel.com
2026-05-27T20:56:10Z INF precheck component="TCP Connectivity" details="HTTP/2 connection successful" run_id=95224ea0-5ebb-477a-bcdd-c8bb975aef86 status=pass target=region1.v2.argotunnel.com
2026-05-27T20:56:10Z INF precheck component="TCP Connectivity" details="HTTP/2 connection successful" run_id=95224ea0-5ebb-477a-bcdd-c8bb975aef86 status=pass target=region2.v2.argotunnel.com
2026-05-27T20:56:10Z INF precheck component="Cloudflare API" details="API is reachable" run_id=95224ea0-5ebb-477a-bcdd-c8bb975aef86 status=pass target=api.cloudflare.com:443
2026-05-27T20:56:10Z INF precheck complete hard_fail=false run_id=95224ea0-5ebb-477a-bcdd-c8bb975aef86 suggested_protocol=quic
2026-05-27T20:56:10Z INF Registered tunnel connection connIndex=0 connection=4b215170-52b5-4f86-8877-1b1dda9a7389 event=0 ip=2606:4700:a8::10 location=mia09 protocol=quic
2026-05-27T21:49:32Z ERR  error="Incoming request ended abruptly: context canceled" connIndex=0 event=1 ingressRule=0 originService=http://127.0.0.1:8001
2026-05-27T21:49:32Z ERR Request failed error="Incoming request ended abruptly: context canceled" connIndex=0 dest=https://ecological-dir-concerning-commodities.trycloudflare.com/chat event=0 ip=2606:4700:a8::10 type=http
